etecsa_cfg/app/build/outputs/apk/manifest-merger-debug-report.txt
-- Merging decision tree log ---
manifest
ADDED from AndroidManifest.xml:2:1
	xmlns:android
		ADDED from AndroidManifest.xml:2:11
	package
		ADDED from AndroidManifest.xml:3:5
		INJECTED from AndroidManifest.xml:0:0
		INJECTED from AndroidManifest.xml:0:0
	android:versionName
		ADDED from AndroidManifest.xml:5:5
	android:versionCode
		ADDED from AndroidManifest.xml:4:5
		INJECTED from AndroidManifest.xml:0:0
		INJECTED from AndroidManifest.xml:0:0
uses-sdk
ADDED from AndroidManifest.xml:7:5
MERGED from com.android.support:gridlayout-v7:19.1.0:18:5
	android:targetSdkVersion
		ADDED from AndroidManifest.xml:9:9
		INJECTED from AndroidManifest.xml:0:0
		INJECTED from AndroidManifest.xml:0:0
	android:minSdkVersion
		ADDED from AndroidManifest.xml:8:9
		INJECTED from AndroidManifest.xml:0:0
		INJECTED from AndroidManifest.xml:0:0
application
ADDED from AndroidManifest.xml:11:5
MERGED from com.android.support:gridlayout-v7:19.1.0:19:5
	android:label
		ADDED from AndroidManifest.xml:14:9
	android:allowBackup
		ADDED from AndroidManifest.xml:12:9
	android:icon
		ADDED from AndroidManifest.xml:13:9
	android:theme
		ADDED from AndroidManifest.xml:15:9
activity#cu.leitniz.etecsa_cfg.EtecsaActivity
ADDED from AndroidManifest.xml:16:9
	android:screenOrientation
		ADDED from AndroidManifest.xml:19:13
	android:label
		ADDED from AndroidManifest.xml:18:13
	android:name
		ADDED from AndroidManifest.xml:17:13
intent-filter#android.intent.action.MAIN+android.intent.category.LAUNCHER
ADDED from AndroidManifest.xml:20:13
action#android.intent.action.MAIN
ADDED from AndroidManifest.xml:21:17
	android:name
		ADDED from AndroidManifest.xml:21:25
category#android.intent.category.LAUNCHER
ADDED from AndroidManifest.xml:23:17
	android:name
		ADDED from AndroidManifest.xml:23:27
activity#cu.leitniz.etecsa_cfg.Resultado
ADDED from AndroidManifest.xml:26:9
	android:screenOrientation
		ADDED from AndroidManifest.xml:29:13
	android:label
		ADDED from AndroidManifest.xml:28:13
	android:name
		ADDED from AndroidManifest.xml:27:13
intent-filter#android.intent.category.DEFAULT+cu.leitniz.etecsa_cfg.RESULTADO
ADDED from AndroidManifest.xml:30:13
action#cu.leitniz.etecsa_cfg.RESULTADO
ADDED from AndroidManifest.xml:31:17
	android:name
		ADDED from AndroidManifest.xml:31:25
category#android.intent.category.DEFAULT
ADDED from AndroidManifest.xml:33:17
	android:name
		ADDED from AndroidManifest.xml:33:27
uses-permission#android.permission.WRITE_EXTERNAL_STORAGE
ADDED from AndroidManifest.xml:37:5
	android:name
		ADDED from AndroidManifest.xml:37:22